TN:
SF:/home/rmg/HW-04/lib/openzeppelin-contracts/contracts/access/Ownable.sol
DA:1,0
DA:38,0
DA:39,5
DA:40,0
DA:42,5
DA:49,12
DA:56,4
DA:57,8
DA:63,1
DA:64,3
DA:65,8
DA:76,5
DA:77,0
DA:84,11
DA:85,0
DA:86,0
DA:88,0
DA:95,4
DA:96,10
DA:97,11
DA:98,5
end_of_record

SF:/home/rmg/HW-04/lib/openzeppelin-contracts/contracts/interfaces/IERC5267.sol
end_of_record

SF:/home/rmg/HW-04/lib/openzeppelin-contracts/contracts/interfaces/draft-IERC6093.sol
end_of_record

SF:/home/rmg/HW-04/lib/openzeppelin-contracts/contracts/token/ERC20/ERC20.sol
DA:45,32
DA:46,10
DA:47,7
DA:53,26
DA:54,73
DA:61,6
DA:62,7
DA:78,4
DA:79,1
DA:85,5
DA:86,4
DA:92,10
DA:93,13
DA:113,10
DA:114,53
DA:149,14
DA:151,6
DA:152,7
DA:153,2
DA:166,1
DA:167,5
DA:168,0
DA:170,5
DA:171,9
DA:173,6
DA:183,10
DA:184,17
DA:186,30
DA:188,14
DA:189,7
DA:190,8
DA:194,19
DA:198,14
DA:201,8
DA:206,38
DA:210,36
DA:221,4
DA:222,5
DA:223,0
DA:225,7
DA:236,1
DA:237,5
DA:238,0
DA:240,6
DA:258,5
DA:259,8
DA:280,6
DA:281,5
DA:282,9
DA:284,5
DA:285,0
DA:287,28
DA:288,4
DA:289,18
DA:301,6
DA:302,1
DA:303,4
DA:304,7
DA:305,8
DA:308,10
end_of_record

SF:/home/rmg/HW-04/lib/openzeppelin-contracts/contracts/token/ERC20/IERC20.sol
end_of_record

SF:/home/rmg/HW-04/lib/openzeppelin-contracts/contracts/token/ERC20/extensions/ERC20Burnable.sol
DA:20,13
DA:21,5
DA:35,14
DA:36,6
DA:37,6
end_of_record

SF:/home/rmg/HW-04/lib/openzeppelin-contracts/contracts/token/ERC20/extensions/ERC20Pausable.sol
DA:30,2
DA:31,12
end_of_record

SF:/home/rmg/HW-04/lib/openzeppelin-contracts/contracts/token/ERC20/extensions/ERC20Permit.sol
DA:22,1
DA:39,17
DA:44,11
DA:52,0
DA:53,7
DA:54,16
DA:57,33
DA:59,8
DA:61,8
DA:62,0
DA:63,0
DA:66,0
DA:72,12
DA:73,1
DA:80,8
DA:81,6
end_of_record

SF:/home/rmg/HW-04/lib/openzeppelin-contracts/contracts/token/ERC20/extensions/IERC20Metadata.sol
end_of_record

SF:/home/rmg/HW-04/lib/openzeppelin-contracts/contracts/token/ERC20/extensions/IERC20Permit.sol
end_of_record

SF:/home/rmg/HW-04/lib/openzeppelin-contracts/contracts/utils/Context.sol
DA:17,0
DA:18,10
end_of_record

SF:/home/rmg/HW-04/lib/openzeppelin-contracts/contracts/utils/Nonces.sol
DA:19,1
DA:20,12
DA:28,2
DA:33,19
end_of_record

SF:/home/rmg/HW-04/lib/openzeppelin-contracts/contracts/utils/Panic.sol
DA:26,0
end_of_record

SF:/home/rmg/HW-04/lib/openzeppelin-contracts/contracts/utils/Pausable.sol
DA:44,6
DA:55,8
DA:67,0
DA:74,3
DA:75,12
DA:81,3
DA:82,7
DA:83,0
DA:90,0
DA:91,0
DA:92,0
DA:103,0
DA:104,0
DA:105,0
DA:115,0
DA:116,0
DA:117,0
end_of_record

SF:/home/rmg/HW-04/lib/openzeppelin-contracts/contracts/utils/ShortStrings.sol
DA:40,0
DA:42,1
DA:52,4
DA:53,4
DA:54,8
DA:55,0
DA:57,9
DA:63,3
DA:64,8
DA:66,24
DA:68,4
DA:69,7
DA:77,2
DA:78,3
DA:79,6
DA:80,0
DA:88,7
DA:89,8
DA:90,9
DA:92,0
DA:100,2
DA:101,4
DA:102,9
DA:104,0
end_of_record

SF:/home/rmg/HW-04/lib/openzeppelin-contracts/contracts/utils/StorageSlot.sol
DA:34,0
end_of_record

SF:/home/rmg/HW-04/lib/openzeppelin-contracts/contracts/utils/Strings.sol
DA:12,0
end_of_record

SF:/home/rmg/HW-04/lib/openzeppelin-contracts/contracts/utils/cryptography/ECDSA.sol
DA:12,0
DA:128,11
DA:133,3
DA:143,7
DA:144,7
DA:148,40
DA:149,4
DA:150,8
DA:153,0
DA:160,2
DA:161,17
DA:162,5
DA:163,0
DA:169,1
DA:170,13
DA:172,13
DA:173,14
DA:174,13
DA:175,0
DA:176,12
DA:177,8
end_of_record

SF:/home/rmg/HW-04/lib/openzeppelin-contracts/contracts/utils/cryptography/EIP712.sol
DA:38,1
DA:66,16
DA:67,8
DA:68,8
DA:69,12
DA:70,8
DA:72,3
DA:73,4
DA:74,3
DA:80,3
DA:81,16
DA:82,2
DA:84,0
DA:88,4
DA:89,32
DA:107,2
DA:108,6
DA:114,20
DA:119,1
DA:120,1
DA:121,1
DA:122,1
DA:123,1
DA:124,1
DA:125,1
DA:128,6
DA:130,4
DA:131,4
DA:132,2
DA:133,2
DA:134,2
DA:135,13
DA:146,2
DA:147,5
DA:157,2
DA:158,5
end_of_record

SF:/home/rmg/HW-04/lib/openzeppelin-contracts/contracts/utils/cryptography/MessageHashUtils.sol
DA:15,0
DA:75,1
DA:77,2
DA:78,2
DA:79,7
DA:80,4
DA:81,4
end_of_record

SF:/home/rmg/HW-04/lib/openzeppelin-contracts/contracts/utils/math/Math.sol
DA:12,0
end_of_record

SF:/home/rmg/HW-04/lib/openzeppelin-contracts/contracts/utils/math/SafeCast.sol
DA:19,0
end_of_record

SF:/home/rmg/HW-04/lib/openzeppelin-contracts/contracts/utils/math/SignedMath.sol
DA:11,0
end_of_record

SF:/home/rmg/HW-04/lib/properties/contracts/ERC20/external/properties/ERC20ExternalBasicProperties.sol
DA:14,5
DA:15,75
DA:16,0
DA:20,8
DA:21,147
DA:25,7
DA:26,258
DA:27,89
DA:31,5
DA:32,82
DA:36,8
DA:37,63
DA:38,6
DA:40,40
DA:41,1
DA:45,11
DA:46,63
DA:47,72
DA:48,18
DA:49,0
DA:51,0
DA:52,0
DA:56,11
DA:57,63
DA:58,72
DA:59,18
DA:60,0
DA:62,0
DA:63,0
DA:64,0
DA:68,11
DA:69,63
DA:70,6
DA:72,85
DA:73,27
DA:74,83
DA:78,11
DA:79,63
DA:80,62
DA:81,72
DA:82,18
DA:84,0
DA:85,0
DA:86,0
DA:87,0
DA:91,11
DA:92,63
DA:93,62
DA:94,6
DA:96,79
DA:97,27
DA:98,0
DA:99,0
DA:103,11
DA:104,63
DA:105,62
DA:106,6
DA:108,71
DA:109,28
DA:110,81
DA:111,79
DA:115,11
DA:116,63
DA:117,62
DA:118,72
DA:119,18
DA:121,0
DA:122,0
DA:123,0
DA:124,0
DA:128,11
DA:129,11
DA:130,63
DA:131,62
DA:132,6
DA:133,15
DA:135,71
DA:136,27
DA:137,85
DA:138,0
DA:142,11
DA:143,11
DA:144,11
DA:145,63
DA:146,62
DA:147,72
DA:148,18
DA:149,0
DA:151,0
DA:152,0
DA:153,0
DA:154,0
DA:158,11
DA:159,71
DA:160,28
DA:161,22
DA:165,15
DA:166,71
DA:167,28
DA:168,88
DA:170,70
DA:171,28
DA:172,93
DA:176,11
DA:177,21
DA:178,11
DA:179,63
DA:180,72
DA:181,18
DA:182,0
DA:184,0
DA:185,0
DA:188,0
DA:189,0
end_of_record

SF:/home/rmg/HW-04/lib/properties/contracts/ERC20/external/util/ERC20ExternalTestBase.sol
end_of_record

SF:/home/rmg/HW-04/lib/properties/contracts/ERC20/external/util/ITokenMock.sol
end_of_record

SF:/home/rmg/HW-04/lib/properties/contracts/ERC20/internal/properties/ERC20BasicProperties.sol
DA:15,0
DA:16,0
DA:17,0
DA:21,0
DA:22,0
DA:26,0
DA:27,0
DA:28,0
DA:32,0
DA:33,0
DA:37,0
DA:38,0
DA:39,0
DA:41,0
DA:42,0
DA:46,0
DA:47,0
DA:48,0
DA:49,0
DA:50,0
DA:52,0
DA:53,0
DA:57,0
DA:58,0
DA:59,0
DA:60,0
DA:61,0
DA:63,0
DA:64,0
DA:65,0
DA:69,0
DA:70,0
DA:71,0
DA:73,0
DA:74,0
DA:75,0
DA:79,0
DA:80,0
DA:81,0
DA:82,0
DA:83,0
DA:85,0
DA:86,0
DA:87,0
DA:88,0
DA:92,0
DA:93,0
DA:94,0
DA:95,0
DA:97,0
DA:98,0
DA:99,0
DA:100,0
DA:104,0
DA:105,0
DA:106,0
DA:107,0
DA:109,0
DA:110,0
DA:111,0
DA:112,0
DA:116,0
DA:117,0
DA:118,0
DA:119,0
DA:120,0
DA:122,0
DA:123,0
DA:124,0
DA:125,0
DA:129,0
DA:130,0
DA:131,0
DA:132,0
DA:133,0
DA:134,0
DA:136,0
DA:137,0
DA:138,0
DA:139,0
DA:143,0
DA:144,0
DA:145,0
DA:146,0
DA:147,0
DA:148,0
DA:149,0
DA:150,0
DA:152,0
DA:153,0
DA:154,0
DA:155,0
DA:159,0
DA:160,0
DA:161,0
DA:162,0
DA:166,0
DA:167,0
DA:168,0
DA:169,0
DA:171,0
DA:172,0
DA:173,0
DA:177,0
DA:178,0
DA:179,0
DA:180,0
DA:181,0
DA:182,0
DA:183,0
DA:185,0
DA:186,0
DA:189,0
DA:190,0
end_of_record

SF:/home/rmg/HW-04/lib/properties/contracts/ERC20/internal/util/ERC20TestBase.sol
end_of_record

SF:/home/rmg/HW-04/lib/properties/contracts/util/IERC20.sol
end_of_record

SF:/home/rmg/HW-04/lib/properties/contracts/util/PropertiesConstants.sol
DA:5,1
DA:6,1
DA:7,1
DA:8,0
end_of_record

SF:/home/rmg/HW-04/lib/properties/contracts/util/PropertiesHelper.sol
DA:16,1
DA:17,3
DA:18,17
DA:19,3
DA:24,1
DA:25,5
DA:26,8
DA:27,8
DA:28,30
DA:29,9
DA:112,1
DA:113,6
DA:114,0
DA:115,0
DA:116,0
DA:117,8
DA:118,3
DA:297,0
DA:308,4
DA:314,4
DA:317,3
DA:320,6
DA:323,3
DA:326,1
DA:331,3
DA:333,5
DA:337,7
DA:340,3
DA:343,2
DA:347,3
DA:350,4
DA:353,3
end_of_record

SF:/home/rmg/HW-04/src/CryticERC20ExternalHarness.sol
DA:6,148
DA:7,7
DA:9,36
DA:13,210
DA:15,1
DA:16,1
DA:17,1
DA:20,4
DA:22,11
DA:23,6
DA:25,7
DA:26,4
DA:27,4
DA:28,4
DA:29,5
DA:31,2
DA:32,7
end_of_record

SF:/home/rmg/HW-04/src/CryticERC20InternalHarness.sol
DA:5,0
DA:6,0
DA:8,0
DA:9,0
DA:10,0
DA:12,0
DA:13,0
DA:16,0
DA:21,0
DA:24,0
DA:27,0
DA:28,0
DA:31,0
DA:32,0
end_of_record

SF:/home/rmg/HW-04/src/MyToken.sol
DA:11,0
DA:12,0
DA:14,1
DA:18,5
DA:19,0
DA:22,8
DA:23,1
DA:26,11
DA:29,1
DA:31,10
DA:35,21
DA:38,2
DA:40,5
DA:41,4
DA:46,6
DA:51,22
DA:52,6
DA:54,23
end_of_record

